{"level":"info","message":"Ethereum Deposit event catched","timestamp":"2022-05-28T12:50:24.268Z"}
{"level":"info","message":"Ethereum Deposit event catched","timestamp":"2022-05-28T12:52:55.841Z"}
{"level":"info","message":" amount = 10000000000000000000 depositer = 0x5d1D0b1d5790B1c88cC1e94366D3B242991DC05d tokenAddress = 0x6cDd2aC516a6c1c6410938D313a24035De4C7A43 tokenName = CrossXToken","sender":"0x5d1D0b1d5790B1c88cC1e94366D3B242991DC05d","tamount":"10000000000000000000","timestamp":"2022-05-28T12:52:55.843Z","tokenAddress":"0x6cDd2aC516a6c1c6410938D313a24035De4C7A43","tokenName":"CrossXToken"}
{"level":"info","message":"Ethereum Deposit event catched","timestamp":"2022-05-28T13:00:59.356Z"}
{"level":"info","message":" amount = 1000000000000000000 depositer = 0x5d1D0b1d5790B1c88cC1e94366D3B242991DC05d tokenAddress = 0x6cDd2aC516a6c1c6410938D313a24035De4C7A43 tokenName = CrossXToken","sender":"0x5d1D0b1d5790B1c88cC1e94366D3B242991DC05d","tamount":"1000000000000000000","timestamp":"2022-05-28T13:00:59.358Z","tokenAddress":"0x6cDd2aC516a6c1c6410938D313a24035De4C7A43","tokenName":"CrossXToken"}
{"level":"info","message":"Ethereum Deposit event catched","timestamp":"2022-05-28T13:02:43.091Z"}
{"level":"info","message":" amount = 1000000000000000000 depositer = 0x5d1D0b1d5790B1c88cC1e94366D3B242991DC05d tokenAddress = 0x6cDd2aC516a6c1c6410938D313a24035De4C7A43 tokenName = Cross X Token","sender":"0x5d1D0b1d5790B1c88cC1e94366D3B242991DC05d","tamount":"1000000000000000000","timestamp":"2022-05-28T13:02:43.094Z","tokenAddress":"0x6cDd2aC516a6c1c6410938D313a24035De4C7A43","tokenName":"Cross X Token"}
{"level":"info","message":"Ethereum Deposit event catched","timestamp":"2022-05-28T13:04:28.056Z"}
{"level":"info","message":" amount = 1000000000000000000 depositer = 0x5d1D0b1d5790B1c88cC1e94366D3B242991DC05d tokenAddress = 0x6cDd2aC516a6c1c6410938D313a24035De4C7A43 tokenName = Cross X Token","sender":"0x5d1D0b1d5790B1c88cC1e94366D3B242991DC05d","tamount":"1000000000000000000","timestamp":"2022-05-28T13:04:28.056Z","tokenAddress":"0x6cDd2aC516a6c1c6410938D313a24035De4C7A43","tokenName":"Cross X Token"}
{"level":"info","message":"Ethereum Deposit event catched","timestamp":"2022-05-28T13:05:43.377Z"}
{"level":"info","message":" amount = 10000000000000000000 depositer = 0x5d1D0b1d5790B1c88cC1e94366D3B242991DC05d tokenAddress = 0x6cDd2aC516a6c1c6410938D313a24035De4C7A43 tokenName = Cross X Token","sender":"0x5d1D0b1d5790B1c88cC1e94366D3B242991DC05d","tamount":"10000000000000000000","timestamp":"2022-05-28T13:05:43.378Z","tokenAddress":"0x6cDd2aC516a6c1c6410938D313a24035De4C7A43","tokenName":"Cross X Token"}
{"level":"info","message":"Ethereum Deposit event catched","timestamp":"2022-05-28T13:16:01.998Z"}
{"level":"info","message":" amount = 10000000000000000000 depositer = 0x5d1D0b1d5790B1c88cC1e94366D3B242991DC05d tokenAddress = 0x6cDd2aC516a6c1c6410938D313a24035De4C7A43 tokenName = Cross X Token","sender":"0x5d1D0b1d5790B1c88cC1e94366D3B242991DC05d","tamount":"10000000000000000000","timestamp":"2022-05-28T13:16:01.998Z","tokenAddress":"0x6cDd2aC516a6c1c6410938D313a24035De4C7A43","tokenName":"Cross X Token"}
{"level":"info","message":"Ethereum Deposit event catched","timestamp":"2022-05-28T13:16:28.929Z"}
{"level":"info","message":" amount = 10000000000000000000 depositer = 0x5d1D0b1d5790B1c88cC1e94366D3B242991DC05d tokenAddress = 0x6cDd2aC516a6c1c6410938D313a24035De4C7A43 tokenName = Cross X Token","sender":"0x5d1D0b1d5790B1c88cC1e94366D3B242991DC05d","tamount":"10000000000000000000","timestamp":"2022-05-28T13:16:28.930Z","tokenAddress":"0x6cDd2aC516a6c1c6410938D313a24035De4C7A43","tokenName":"Cross X Token"}
{"level":"info","message":"Ethereum Deposit event catched","timestamp":"2022-05-28T17:41:07.389Z"}
{"level":"info","message":" amount = 10000000000000000000 depositer = 0x5d1D0b1d5790B1c88cC1e94366D3B242991DC05d tokenAddress = 0x6cDd2aC516a6c1c6410938D313a24035De4C7A43 tokenName = Cross X Token","sender":"0x5d1D0b1d5790B1c88cC1e94366D3B242991DC05d","tamount":"10000000000000000000","timestamp":"2022-05-28T17:41:07.401Z","tokenAddress":"0x6cDd2aC516a6c1c6410938D313a24035De4C7A43","tokenName":"Cross X Token"}
{"level":"info","message":"Ethereum Deposit event catched","timestamp":"2022-05-28T18:08:40.405Z"}
{"level":"info","message":" amount = 1000000000000000000 depositer = 0xB76FCc67CAf849cEBb281Eb5247e27A452dAF808 tokenAddress = 0x6cDd2aC516a6c1c6410938D313a24035De4C7A43 tokenName = Cross X Token","sender":"0xB76FCc67CAf849cEBb281Eb5247e27A452dAF808","tamount":"1000000000000000000","timestamp":"2022-05-28T18:08:40.408Z","tokenAddress":"0x6cDd2aC516a6c1c6410938D313a24035De4C7A43","tokenName":"Cross X Token"}
{"level":"info","message":"Ethereum Deposit event catched","timestamp":"2022-05-28T18:15:58.312Z"}
{"level":"info","message":" amount = 1000000000000000000 depositer = 0xB76FCc67CAf849cEBb281Eb5247e27A452dAF808 tokenAddress = 0x6cDd2aC516a6c1c6410938D313a24035De4C7A43 tokenName = Cross X Token","sender":"0xB76FCc67CAf849cEBb281Eb5247e27A452dAF808","tamount":"1000000000000000000","timestamp":"2022-05-28T18:15:58.312Z","tokenAddress":"0x6cDd2aC516a6c1c6410938D313a24035De4C7A43","tokenName":"Cross X Token"}
{"level":"info","message":"Ethereum Deposit event catched","timestamp":"2022-05-28T18:27:26.966Z"}
{"level":"info","message":" amount = 1000000000000000000 depositer = 0xB76FCc67CAf849cEBb281Eb5247e27A452dAF808 tokenAddress = 0x6cDd2aC516a6c1c6410938D313a24035De4C7A43 tokenName = Cross X Token","sender":"0xB76FCc67CAf849cEBb281Eb5247e27A452dAF808","tamount":"1000000000000000000","timestamp":"2022-05-28T18:27:26.969Z","tokenAddress":"0x6cDd2aC516a6c1c6410938D313a24035De4C7A43","tokenName":"Cross X Token"}
{"level":"info","message":"Ethereum Deposit event catched","timestamp":"2022-05-28T18:30:44.277Z"}
{"level":"info","message":" amount = 1000000000000000000 depositer = 0xB76FCc67CAf849cEBb281Eb5247e27A452dAF808 tokenAddress = 0x6cDd2aC516a6c1c6410938D313a24035De4C7A43 tokenName = Cross X Token","sender":"0xB76FCc67CAf849cEBb281Eb5247e27A452dAF808","tamount":"1000000000000000000","timestamp":"2022-05-28T18:30:44.281Z","tokenAddress":"0x6cDd2aC516a6c1c6410938D313a24035De4C7A43","tokenName":"Cross X Token"}
{"level":"info","message":"Ethereum Deposit event catched","timestamp":"2022-05-28T18:35:28.110Z"}
{"level":"info","message":" amount = 1000000000000000000 depositer = 0xB76FCc67CAf849cEBb281Eb5247e27A452dAF808 tokenAddress = 0x6cDd2aC516a6c1c6410938D313a24035De4C7A43 tokenName = Cross X Token","sender":"0xB76FCc67CAf849cEBb281Eb5247e27A452dAF808","tamount":"1000000000000000000","timestamp":"2022-05-28T18:35:28.127Z","tokenAddress":"0x6cDd2aC516a6c1c6410938D313a24035De4C7A43","tokenName":"Cross X Token"}
{"level":"info","message":"Ethereum Deposit event catched","timestamp":"2022-05-28T20:18:43.817Z"}
{"level":"info","message":" amount = 1000000000000000000 depositer = 0x5d1D0b1d5790B1c88cC1e94366D3B242991DC05d tokenAddress = 0x6cDd2aC516a6c1c6410938D313a24035De4C7A43 tokenName = Cross X Token","sender":"0x5d1D0b1d5790B1c88cC1e94366D3B242991DC05d","tamount":"1000000000000000000","timestamp":"2022-05-28T20:18:43.820Z","tokenAddress":"0x6cDd2aC516a6c1c6410938D313a24035De4C7A43","tokenName":"Cross X Token"}
{"level":"info","message":"Ethereum Deposit event catched","timestamp":"2022-05-29T08:08:49.302Z"}
{"level":"info","message":" amount = 10000000000000000000 depositer = 0x5d1D0b1d5790B1c88cC1e94366D3B242991DC05d tokenAddress = 0x6cDd2aC516a6c1c6410938D313a24035De4C7A43 tokenName = Cross X Token","sender":"0x5d1D0b1d5790B1c88cC1e94366D3B242991DC05d","tamount":"10000000000000000000","timestamp":"2022-05-29T08:08:49.309Z","tokenAddress":"0x6cDd2aC516a6c1c6410938D313a24035De4C7A43","tokenName":"Cross X Token"}
{"level":"info","message":"Ethereum Deposit event catched","timestamp":"2022-05-29T08:11:49.335Z"}
{"level":"info","message":" amount = 10000000000000000000 depositer = 0x657dD02b4EAE6Bf276747bd3B9E54aB034D9F97f tokenAddress = 0x6cDd2aC516a6c1c6410938D313a24035De4C7A43 tokenName = Cross X Token","sender":"0x657dD02b4EAE6Bf276747bd3B9E54aB034D9F97f","tamount":"10000000000000000000","timestamp":"2022-05-29T08:11:49.336Z","tokenAddress":"0x6cDd2aC516a6c1c6410938D313a24035De4C7A43","tokenName":"Cross X Token"}
{"level":"info","message":"Ethereum Deposit event catched","timestamp":"2022-05-29T08:49:39.088Z"}
{"level":"info","message":" amount = 10000000000000000000 depositer = 0x657dD02b4EAE6Bf276747bd3B9E54aB034D9F97f tokenAddress = 0x6cDd2aC516a6c1c6410938D313a24035De4C7A43 tokenName = Cross X Token","sender":"0x657dD02b4EAE6Bf276747bd3B9E54aB034D9F97f","tamount":"10000000000000000000","timestamp":"2022-05-29T08:49:39.092Z","tokenAddress":"0x6cDd2aC516a6c1c6410938D313a24035De4C7A43","tokenName":"Cross X Token"}
{"level":"info","message":"Ethereum Deposit event catched","timestamp":"2022-05-29T10:53:03.664Z"}
{"level":"info","message":" amount = 10000000000000000000 depositer = 0x657dD02b4EAE6Bf276747bd3B9E54aB034D9F97f tokenAddress = 0x6cDd2aC516a6c1c6410938D313a24035De4C7A43 tokenName = Cross X Token","sender":"0x657dD02b4EAE6Bf276747bd3B9E54aB034D9F97f","tamount":"10000000000000000000","timestamp":"2022-05-29T10:53:03.685Z","tokenAddress":"0x6cDd2aC516a6c1c6410938D313a24035De4C7A43","tokenName":"Cross X Token"}
{"level":"info","message":"Ethereum Deposit event catched","timestamp":"2022-05-29T10:53:21.739Z"}
{"level":"info","message":" amount = 10000000000000000000 depositer = 0x657dD02b4EAE6Bf276747bd3B9E54aB034D9F97f tokenAddress = 0x6cDd2aC516a6c1c6410938D313a24035De4C7A43 tokenName = Cross X Token","sender":"0x657dD02b4EAE6Bf276747bd3B9E54aB034D9F97f","tamount":"10000000000000000000","timestamp":"2022-05-29T10:53:21.739Z","tokenAddress":"0x6cDd2aC516a6c1c6410938D313a24035De4C7A43","tokenName":"Cross X Token"}
{"level":"info","message":"Ethereum Deposit event catched","timestamp":"2022-05-29T11:10:26.298Z"}
{"level":"info","message":" amount = 10000000000000000000 depositer = 0x657dD02b4EAE6Bf276747bd3B9E54aB034D9F97f tokenAddress = 0x6cDd2aC516a6c1c6410938D313a24035De4C7A43 tokenName = Cross X Token","sender":"0x657dD02b4EAE6Bf276747bd3B9E54aB034D9F97f","tamount":"10000000000000000000","timestamp":"2022-05-29T11:10:26.326Z","tokenAddress":"0x6cDd2aC516a6c1c6410938D313a24035De4C7A43","tokenName":"Cross X Token"}
